<?xml version="1.0" encoding="UTF-8"?>
<!-- Generated by org.testng.reporters.JUnitReportReporter -->
<testsuite hostname="LAPTOP-3CF81NRV" failures="0" tests="4" name="nopcommerceadmin.tests.HomeTC" time="3.385" errors="0" timestamp="01 Apr 2021 06:34:11 GMT" skipped="1">
  <testcase classname="nopcommerceadmin.tests.HomeTC" name="verifyHomePageTitle" time="0.071"/>
  <testcase classname="nopcommerceadmin.tests.HomeTC" name="verifyHomePage_Logo" time="0.094"/>
  <testcase classname="nopcommerceadmin.tests.HomeTC" name="clickCatalog_Link" time="3.220"/>
  <testcase classname="nopcommerceadmin.tests.HomeTC" name="verifyHomePage_dashBoardtext">
    <skipped/>
  </testcase> <!-- verifyHomePage_dashBoardtext -->
</testsuite> <!-- nopcommerceadmin.tests.HomeTC -->
